Using pre-set license
Built from '2020.3/staging' branch; Version is '2020.3.32f1 (12f8b0834f07) revision 1243312'; Using compiler version '192528614'; Build Type 'Release'
OS: 'Windows 10  (10.0.19042) 64bit Professional' Language: 'es' Physical Memory: 32691 MB
BatchMode: 1, IsHumanControllingUs: 0, StartBugReporterOnCrash: 0, Is64bit: 1, IsPro: 0

COMMAND LINE ARGUMENTS:
D:\Unity\2020.3.32f1\Editor\Unity.exe
-adb2
-batchMode
-noUpm
-name
AssetImportWorker0
-projectPath
D:/isil/Ciclo V/Herramientas para VDJG/LevelCreatorToolsFinal
-logFile
Logs/AssetImportWorker0.log
-srvPort
50858
Successfully changed project path to: D:/isil/Ciclo V/Herramientas para VDJG/LevelCreatorToolsFinal
D:/isil/Ciclo V/Herramientas para VDJG/LevelCreatorToolsFinal
Using Asset Import Pipeline V2.
Refreshing native plugins compatible for Editor in 30.28 ms, found 2 plugins.
Preloading 0 native plugins for Editor in 0.00 ms.
Initialize engine version: 2020.3.32f1 (12f8b0834f07)
[Subsystems] Discovering subsystems at path D:/Unity/2020.3.32f1/Editor/Data/Resources/UnitySubsystems
[Subsystems] Discovering subsystems at path D:/isil/Ciclo V/Herramientas para VDJG/LevelCreatorToolsFinal/Assets
GfxDevice: creating device client; threaded=0
Direct3D:
    Version:  Direct3D 11.0 [level 11.1]
    Renderer: NVIDIA GeForce RTX 2080 Ti (ID=0x1e07)
    Vendor:   
    VRAM:     11048 MB
    Driver:   30.0.14.9729
Initialize mono
Mono path[0] = 'D:/Unity/2020.3.32f1/Editor/Data/Managed'
Mono path[1] = 'D:/Unity/2020.3.32f1/Editor/Data/MonoBleedingEdge/lib/mono/unityjit'
Mono config path = 'D:/Unity/2020.3.32f1/Editor/Data/MonoBleedingEdge/etc'
Using monoOptions --debugger-agent=transport=dt_socket,embedding=1,server=y,suspend=n,address=127.0.0.1:56936
Begin MonoManager ReloadAssembly
Registering precompiled unity dll's ...
Register platform support module: D:/Unity/2020.3.32f1/Editor/Data/PlaybackEngines/WindowsStandaloneSupport/UnityEditor.WindowsStandalone.Extensions.dll
Registered in 0.001171 seconds.
Native extension for WindowsStandalone target not found
Refreshing native plugins compatible for Editor in 30.03 ms, found 2 plugins.
Preloading 0 native plugins for Editor in 0.00 ms.
Mono: successfully reloaded assembly
- Completed reload, in  0.540 seconds
Domain Reload Profiling:
	ReloadAssembly (540ms)
		BeginReloadAssembly (69ms)
			ExecutionOrderSort (0ms)
			DisableScriptedObjects (0ms)
			BackupInstance (0ms)
			ReleaseScriptingObjects (0ms)
			CreateAndSetChildDomain (1ms)
		EndReloadAssembly (407ms)
			LoadAssemblies (69ms)
			RebuildTransferFunctionScriptingTraits (0ms)
			SetupTypeCache (137ms)
			ReleaseScriptCaches (0ms)
			RebuildScriptCaches (27ms)
			SetupLoadedEditorAssemblies (152ms)
				LogAssemblyErrors (0ms)
				InitializePlatformSupportModulesInManaged (4ms)
				SetLoadedEditorAssemblies (0ms)
				RefreshPlugins (30ms)
				BeforeProcessingInitializeOnLoad (17ms)
				ProcessInitializeOnLoadAttributes (75ms)
				ProcessInitializeOnLoadMethodAttributes (26ms)
				AfterProcessingInitializeOnLoad (0ms)
				EditorAssembliesLoaded (0ms)
			ExecutionOrderSort2 (0ms)
			AwakeInstancesAfterBackupRestoration (0ms)
Platform modules already initialized, skipping
Registering precompiled user dll's ...
Registered in 0.003064 seconds.
Begin MonoManager ReloadAssembly
Native extension for WindowsStandalone target not found
Refreshing native plugins compatible for Editor in 0.38 ms, found 2 plugins.
Preloading 0 native plugins for Editor in 0.00 ms.
Mono: successfully reloaded assembly
- Completed reload, in  0.910 seconds
Domain Reload Profiling:
	ReloadAssembly (911ms)
		BeginReloadAssembly (152ms)
			ExecutionOrderSort (0ms)
			DisableScriptedObjects (4ms)
			BackupInstance (0ms)
			ReleaseScriptingObjects (0ms)
			CreateAndSetChildDomain (18ms)
		EndReloadAssembly (704ms)
			LoadAssemblies (100ms)
			RebuildTransferFunctionScriptingTraits (0ms)
			SetupTypeCache (242ms)
			ReleaseScriptCaches (0ms)
			RebuildScriptCaches (40ms)
			SetupLoadedEditorAssemblies (261ms)
				LogAssemblyErrors (0ms)
				InitializePlatformSupportModulesInManaged (4ms)
				SetLoadedEditorAssemblies (0ms)
				RefreshPlugins (0ms)
				BeforeProcessingInitializeOnLoad (67ms)
				ProcessInitializeOnLoadAttributes (179ms)
				ProcessInitializeOnLoadMethodAttributes (8ms)
				AfterProcessingInitializeOnLoad (2ms)
				EditorAssembliesLoaded (0ms)
			ExecutionOrderSort2 (0ms)
			AwakeInstancesAfterBackupRestoration (6ms)
Platform modules already initialized, skipping
========================================================================
Worker process is ready to serve import requests
Launched and connected shader compiler UnityShaderCompiler.exe after 0.21 seconds
Refreshing native plugins compatible for Editor in 0.35 ms, found 2 plugins.
Preloading 0 native plugins for Editor in 0.00 ms.
Unloading 1511 Unused Serialized files (Serialized files now loaded: 0)
System memory in use before: 68.9 MB.
System memory in use after: 69.0 MB.

Unloading 16 unused Assets to reduce memory usage. Loaded Objects now: 1948.
Total: 3.197400 ms (FindLiveObjects: 0.152800 ms CreateObjectMapping: 0.036300 ms MarkObjects: 2.924700 ms  DeleteObjects: 0.082700 ms)

AssetImportParameters requested are different than current active one (requested -> active):
  custom:framework-win-MediaFoundation: 216162199b28c13a410421893ffa2e32 -> 
  custom:video-decoder-ogg-theora: a1e56fd34408186e4bbccfd4996cb3dc -> 
  custom:container-muxer-webm: aa71ff27fc2769a1b78a27578f13a17b -> 
  custom:container-demuxer-webm: 4f35f7cbe854078d1ac9338744f61a02 -> 
  custom:container-demuxer-ogg: 62fdf1f143b41e24485cea50d1cbac27 -> 
  custom:video-encoder-webm-vp8: eb34c28f22e8b96e1ab97ce403110664 -> 
  custom:video-decoder-webm-vp8: 9c59270c3fd7afecdb556c50c9e8de78 -> 
  custom:audio-decoder-ogg-vorbis: bf7c407c2cedff20999df2af8eb42d56 -> 
  custom:audio-encoder-webm-vorbis: bf7c407c2cedff20999df2af8eb42d56 -> 
========================================================================
Received Import Request.
  path: Assets/Scenes
  artifactKey: Guid(82d96449a30433a4ebd565dde82aab5a) Importer(815301076,1909f56bfc062723c751e8b465ee728b)
Start importing Assets/Scenes using Guid(82d96449a30433a4ebd565dde82aab5a) Importer(815301076,1909f56bfc062723c751e8b465ee728b)  -> (artifact id: '741b521ed8fd50cc3a974d8d924741f1') in 0.008582 seconds 
========================================================================
Received Import Request.
  Time since last request: 0.601608 seconds.
  path: Assets/Materials/_color2.mat
  artifactKey: Guid(253f8eab6dad4914391ee102c3828581) Importer(815301076,1909f56bfc062723c751e8b465ee728b)
Start importing Assets/Materials/_color2.mat using Guid(253f8eab6dad4914391ee102c3828581) Importer(815301076,1909f56bfc062723c751e8b465ee728b)  -> (artifact id: '6963aa9549071445e35da34e0beb8664') in 0.513783 seconds 
========================================================================
Received Import Request.
  Time since last request: 0.126128 seconds.
  path: Assets/Scenes/SampleScene.unity
  artifactKey: Guid(9fc0d4010bbf28b4594072e72b8655ab) Importer(815301076,1909f56bfc062723c751e8b465ee728b)
Start importing Assets/Scenes/SampleScene.unity using Guid(9fc0d4010bbf28b4594072e72b8655ab) Importer(815301076,1909f56bfc062723c751e8b465ee728b)  -> (artifact id: '734036c2ea405e8de928b92079d692db') in 0.005099 seconds 
========================================================================
Received Import Request.
  Time since last request: 0.048841 seconds.
  path: Assets/Darth_Artisan/Free_Trees/Meshes
  artifactKey: Guid(a6ef2755a6b574604ade3c2a47d9d0c3) Importer(815301076,1909f56bfc062723c751e8b465ee728b)
Start importing Assets/Darth_Artisan/Free_Trees/Meshes using Guid(a6ef2755a6b574604ade3c2a47d9d0c3) Importer(815301076,1909f56bfc062723c751e8b465ee728b)  -> (artifact id: 'a2d8baf5c6e408b466967149a7e9b5a7') in 0.005018 seconds 
========================================================================
Received Import Request.
  Time since last request: 0.546447 seconds.
  path: Assets/textures
  artifactKey: Guid(fe2433eb4e1760047803fd14dc02bbc5) Importer(815301076,1909f56bfc062723c751e8b465ee728b)
Start importing Assets/textures using Guid(fe2433eb4e1760047803fd14dc02bbc5) Importer(815301076,1909f56bfc062723c751e8b465ee728b)  -> (artifact id: '4eb1fe24c9bd58b9e7a850e21354b239') in 0.005433 seconds 
========================================================================
Received Import Request.
  Time since last request: 0.167703 seconds.
  path: Assets/VertexColorFarmAnimals/Shaders
  artifactKey: Guid(51b946318e4448f429baeaa38bfa114d) Importer(815301076,1909f56bfc062723c751e8b465ee728b)
Start importing Assets/VertexColorFarmAnimals/Shaders using Guid(51b946318e4448f429baeaa38bfa114d) Importer(815301076,1909f56bfc062723c751e8b465ee728b)  -> (artifact id: '04cb4225d96d469d8c343da9444a9593') in 0.004754 seconds 
========================================================================
Received Import Request.
  Time since last request: 0.003880 seconds.
  path: Assets/Darth_Artisan/Free_Trees
  artifactKey: Guid(b7aee0f11d1aa466daa952466d59cae8) Importer(815301076,1909f56bfc062723c751e8b465ee728b)
Start importing Assets/Darth_Artisan/Free_Trees using Guid(b7aee0f11d1aa466daa952466d59cae8) Importer(815301076,1909f56bfc062723c751e8b465ee728b)  -> (artifact id: '8b3710d7fcc912709792febf86310cff') in 0.005063 seconds 
========================================================================
Received Import Request.
  Time since last request: 0.049970 seconds.
  path: Assets/Darth_Artisan
  artifactKey: Guid(1dda5fe30fd2a42bba9d51692a095c6b) Importer(815301076,1909f56bfc062723c751e8b465ee728b)
Start importing Assets/Darth_Artisan using Guid(1dda5fe30fd2a42bba9d51692a095c6b) Importer(815301076,1909f56bfc062723c751e8b465ee728b)  -> (artifact id: '04aa973e1bf7d551dce1c0c93d9df918') in 0.004665 seconds 
========================================================================
Received Import Request.
  Time since last request: 0.069877 seconds.
  path: Assets/Darth_Artisan/Free_Trees/Textures
  artifactKey: Guid(05c318f3b28d946cea195fb1d77995fe) Importer(815301076,1909f56bfc062723c751e8b465ee728b)
Start importing Assets/Darth_Artisan/Free_Trees/Textures using Guid(05c318f3b28d946cea195fb1d77995fe) Importer(815301076,1909f56bfc062723c751e8b465ee728b)  -> (artifact id: 'e465a12146781a828560f2a466f50ac0') in 0.004858 seconds 
========================================================================
Received Import Request.
  Time since last request: 0.004808 seconds.
  path: Assets/VertexColorFarmAnimals/Shaders/VertexColorUnlit.shader
  artifactKey: Guid(7f47add854be75641aa506b7aa45db5f) Importer(815301076,1909f56bfc062723c751e8b465ee728b)
Start importing Assets/VertexColorFarmAnimals/Shaders/VertexColorUnlit.shader using Guid(7f47add854be75641aa506b7aa45db5f) Importer(815301076,1909f56bfc062723c751e8b465ee728b)  -> (artifact id: 'd7267a663a792c28d0e34487aee25f21') in 0.007762 seconds 
========================================================================
Received Import Request.
  Time since last request: 0.046434 seconds.
  path: Assets/Materials/_color1.mat
  artifactKey: Guid(bc783d5d006971a4db8ebc388f1f57b9) Importer(815301076,1909f56bfc062723c751e8b465ee728b)
Start importing Assets/Materials/_color1.mat using Guid(bc783d5d006971a4db8ebc388f1f57b9) Importer(815301076,1909f56bfc062723c751e8b465ee728b)  -> (artifact id: '8ec100cb03b33b00a432ad5e733e44b6') in 0.013300 seconds 
========================================================================
Received Import Request.
  Time since last request: 359.014762 seconds.
  path: Assets/Scenes/SampleScene.unity
  artifactKey: Guid(9fc0d4010bbf28b4594072e72b8655ab) Importer(815301076,1909f56bfc062723c751e8b465ee728b)
Start importing Assets/Scenes/SampleScene.unity using Guid(9fc0d4010bbf28b4594072e72b8655ab) Importer(815301076,1909f56bfc062723c751e8b465ee728b)  -> (artifact id: 'fa3ece1ddf2e60592337e0d1c9e8c4b5') in 0.005120 seconds 
AssetImportWorkerClient::OnTransportError - code=2 error=End of file
